Arguments: 
  /usr/bin/node /usr/sbin/yarn

PATH: 
  /home/yaindrop/.vscode-server/bin/dfd34e8260c270da74b5c2d86d61aee4b6d56977/bin/remote-cli:/home/yaindrop/.cargo/bin:/usr/local/sbin:/usr/local/bin:/usr/sbin:/usr/bin:/sbin:/bin:/usr/games:/usr/local/games:/usr/lib/wsl/lib:/mnt/c/WINDOWS/system32:/mnt/c/WINDOWS:/mnt/c/WINDOWS/System32/Wbem:/mnt/c/WINDOWS/System32/WindowsPowerShell/v1.0/:/mnt/c/WINDOWS/System32/OpenSSH/:/mnt/c/Program Files/Microsoft VS Code/bin:/mnt/c/Program Files (x86)/ZeroTier/One/:/mnt/c/Program Files/Calibre2/:/mnt/c/Program Files (x86)/Pulse Secure/VC142.CRT/X64/:/mnt/c/Program Files (x86)/Pulse Secure/VC142.CRT/X86/:/mnt/c/Program Files/Docker/Docker/resources/bin:/mnt/c/ProgramData/DockerDesktop/version-bin:/mnt/c/Users/yaindrop/AppData/Local/Microsoft/WindowsApps:/home/yaindrop/.dotnet/tools:/usr/lib/jvm/default/bin:/usr/bin/site_perl:/usr/bin/vendor_perl:/usr/bin/core_perl

Yarn version: 
  1.22.18

Node version: 
  17.9.0

Platform: 
  linux x64

Trace: 
  SyntaxError: /home/yaindrop/hkust/csit6000l/csit6000l-project/front/package.json: Unexpected token } in JSON at position 310
      at JSON.parse (<anonymous>)
      at /usr/lib/node_modules/yarn/lib/cli.js:1625:59
      at Generator.next (<anonymous>)
      at step (/usr/lib/node_modules/yarn/lib/cli.js:310:30)
      at /usr/lib/node_modules/yarn/lib/cli.js:321:13

npm manifest: 
  {
      "name": "csit6100l-project-front",
      "version": "1.0.0",
      "main": "index.js",
      "license": "MIT",
      "scripts": {
        "start": "node ./node_modules/webpack-dev-server/bin/webpack-dev-server.js",
        "build": "NODE_ENV='production' node ../node_modules/webpack/bin/webpack.js --progress",
      },
      "dependencies": {
        "memfs": "^3.4.1",
        "monaco-editor": "^0.31.1",
        "react": "^17.0.2",
        "react-dom": "^17.0.2",
        "react-refresh": "^0.11.0",
        "regenerator-runtime": "^0.13.9",
        "rxjs": "^7.5.2",
        "typescript": "^4.5.4"
      },
      "devDependencies": {
        "@babel/core": "^7.16.7",
        "@babel/preset-env": "^7.16.8",
        "@babel/preset-react": "^7.16.7",
        "@babel/preset-typescript": "^7.16.7",
        "@pmmmwh/react-refresh-webpack-plugin": "^0.5.4",
        "@types/node": "^17.0.10",
        "@types/react": "^17.0.38",
        "@types/react-dom": "^17.0.11",
        "@types/webpack-env": "^1.16.3",
        "assert": "^2.0.0",
        "babel-loader": "^8.2.3",
        "buffer": "^6.0.3",
        "css-loader": "^6.5.1",
        "file-loader": "^6.2.0",
        "html-webpack-plugin": "^5.5.0",
        "mini-css-extract-plugin": "^2.5.0",
        "monaco-editor-webpack-plugin": "^7.0.1",
        "path-browserify": "^1.0.1",
        "process": "^0.11.10",
        "raw-loader": "^4.0.2",
        "sass": "^1.48.0",
        "sass-loader": "^12.4.0",
        "source-map-loader": "^3.0.1",
        "stream-browserify": "^3.0.0",
        "style-loader": "^3.3.1",
        "ts-loader": "^9.2.6",
        "ts-node": "^10.4.0",
        "typedoc": "^0.22.11",
        "url": "^0.11.0",
        "util": "^0.12.4",
        "webpack": "^5.66.0",
        "webpack-cli": "^4.9.1",
        "webpack-dev-server": "^4.7.2"
      }
    }

yarn manifest: 
  No manifest

Lockfile: 
  No lockfile
