make --dry-run --always-make --keep-going --print-directory
make: Entering directory '/home/yaindrop/hkust/csit6000l/project'
echo "COMPILING SOURCE src/main.cpp INTO OBJECT obj/src/main.o"
mkdir -p 'obj/src'
g++ -O2 -Wall -Wextra -std=c++20 src/main.cpp -c -o obj/src/main.o -Ivecmath/include
echo "COMPILING SOURCE src/data/Camera.cpp INTO OBJECT obj/src/data/Camera.o"
mkdir -p 'obj/src/data'
g++ -O2 -Wall -Wextra -std=c++20 src/data/Camera.cpp -c -o obj/src/data/Camera.o -Ivecmath/include
echo "COMPILING SOURCE src/data/CubeMap.cpp INTO OBJECT obj/src/data/CubeMap.o"
mkdir -p 'obj/src/data'
g++ -O2 -Wall -Wextra -std=c++20 src/data/CubeMap.cpp -c -o obj/src/data/CubeMap.o -Ivecmath/include
echo "COMPILING SOURCE src/data/Light.cpp INTO OBJECT obj/src/data/Light.o"
mkdir -p 'obj/src/data'
g++ -O2 -Wall -Wextra -std=c++20 src/data/Light.cpp -c -o obj/src/data/Light.o -Ivecmath/include
echo "COMPILING SOURCE src/data/Material.cpp INTO OBJECT obj/src/data/Material.o"
mkdir -p 'obj/src/data'
g++ -O2 -Wall -Wextra -std=c++20 src/data/Material.cpp -c -o obj/src/data/Material.o -Ivecmath/include
echo "COMPILING SOURCE src/data/Noise.cpp INTO OBJECT obj/src/data/Noise.o"
mkdir -p 'obj/src/data'
g++ -O2 -Wall -Wextra -std=c++20 src/data/Noise.cpp -c -o obj/src/data/Noise.o -Ivecmath/include
echo "COMPILING SOURCE src/data/Octree.cpp INTO OBJECT obj/src/data/Octree.o"
mkdir -p 'obj/src/data'
g++ -O2 -Wall -Wextra -std=c++20 src/data/Octree.cpp -c -o obj/src/data/Octree.o -Ivecmath/include
echo "COMPILING SOURCE src/data/PerlinNoise.cpp INTO OBJECT obj/src/data/PerlinNoise.o"
mkdir -p 'obj/src/data'
g++ -O2 -Wall -Wextra -std=c++20 src/data/PerlinNoise.cpp -c -o obj/src/data/PerlinNoise.o -Ivecmath/include
echo "COMPILING SOURCE src/data/Scene.cpp INTO OBJECT obj/src/data/Scene.o"
mkdir -p 'obj/src/data'
g++ -O2 -Wall -Wextra -std=c++20 src/data/Scene.cpp -c -o obj/src/data/Scene.o -Ivecmath/include
echo "COMPILING SOURCE src/data/Texture.cpp INTO OBJECT obj/src/data/Texture.o"
mkdir -p 'obj/src/data'
g++ -O2 -Wall -Wextra -std=c++20 src/data/Texture.cpp -c -o obj/src/data/Texture.o -Ivecmath/include
echo "COMPILING SOURCE src/object3d/Group.cpp INTO OBJECT obj/src/object3d/Group.o"
mkdir -p 'obj/src/object3d'
g++ -O2 -Wall -Wextra -std=c++20 src/object3d/Group.cpp -c -o obj/src/object3d/Group.o -Ivecmath/include
echo "COMPILING SOURCE src/object3d/Mesh.cpp INTO OBJECT obj/src/object3d/Mesh.o"
mkdir -p 'obj/src/object3d'
g++ -O2 -Wall -Wextra -std=c++20 src/object3d/Mesh.cpp -c -o obj/src/object3d/Mesh.o -Ivecmath/include
echo "COMPILING SOURCE src/object3d/Plane.cpp INTO OBJECT obj/src/object3d/Plane.o"
mkdir -p 'obj/src/object3d'
g++ -O2 -Wall -Wextra -std=c++20 src/object3d/Plane.cpp -c -o obj/src/object3d/Plane.o -Ivecmath/include
echo "COMPILING SOURCE src/object3d/Sphere.cpp INTO OBJECT obj/src/object3d/Sphere.o"
mkdir -p 'obj/src/object3d'
g++ -O2 -Wall -Wextra -std=c++20 src/object3d/Sphere.cpp -c -o obj/src/object3d/Sphere.o -Ivecmath/include
echo "COMPILING SOURCE src/object3d/Transform.cpp INTO OBJECT obj/src/object3d/Transform.o"
mkdir -p 'obj/src/object3d'
g++ -O2 -Wall -Wextra -std=c++20 src/object3d/Transform.cpp -c -o obj/src/object3d/Transform.o -Ivecmath/include
echo "COMPILING SOURCE src/object3d/Triangle.cpp INTO OBJECT obj/src/object3d/Triangle.o"
mkdir -p 'obj/src/object3d'
g++ -O2 -Wall -Wextra -std=c++20 src/object3d/Triangle.cpp -c -o obj/src/object3d/Triangle.o -Ivecmath/include
echo "COMPILING SOURCE src/render/Arguments.cpp INTO OBJECT obj/src/render/Arguments.o"
mkdir -p 'obj/src/render'
g++ -O2 -Wall -Wextra -std=c++20 src/render/Arguments.cpp -c -o obj/src/render/Arguments.o -Ivecmath/include
echo "COMPILING SOURCE src/render/Image.cpp INTO OBJECT obj/src/render/Image.o"
mkdir -p 'obj/src/render'
g++ -O2 -Wall -Wextra -std=c++20 src/render/Image.cpp -c -o obj/src/render/Image.o -Ivecmath/include
echo "COMPILING SOURCE src/render/RayCaster.cpp INTO OBJECT obj/src/render/RayCaster.o"
mkdir -p 'obj/src/render'
g++ -O2 -Wall -Wextra -std=c++20 src/render/RayCaster.cpp -c -o obj/src/render/RayCaster.o -Ivecmath/include
echo "COMPILING SOURCE src/render/RayTracer.cpp INTO OBJECT obj/src/render/RayTracer.o"
mkdir -p 'obj/src/render'
g++ -O2 -Wall -Wextra -std=c++20 src/render/RayTracer.cpp -c -o obj/src/render/RayTracer.o -Ivecmath/include
echo "COMPILING SOURCE src/render/Renderer.cpp INTO OBJECT obj/src/render/Renderer.o"
mkdir -p 'obj/src/render'
g++ -O2 -Wall -Wextra -std=c++20 src/render/Renderer.cpp -c -o obj/src/render/Renderer.o -Ivecmath/include
echo "COMPILING SOURCE src/render/Smoothing.cpp INTO OBJECT obj/src/render/Smoothing.o"
mkdir -p 'obj/src/render'
g++ -O2 -Wall -Wextra -std=c++20 src/render/Smoothing.cpp -c -o obj/src/render/Smoothing.o -Ivecmath/include
echo "COMPILING SOURCE vecmath/src/Matrix2f.cpp INTO OBJECT obj/vecmath/src/Matrix2f.o"
mkdir -p 'obj/vecmath/src'
g++ -O2 -Wall -Wextra -std=c++20 vecmath/src/Matrix2f.cpp -c -o obj/vecmath/src/Matrix2f.o -Ivecmath/include
echo "COMPILING SOURCE vecmath/src/Matrix3f.cpp INTO OBJECT obj/vecmath/src/Matrix3f.o"
mkdir -p 'obj/vecmath/src'
g++ -O2 -Wall -Wextra -std=c++20 vecmath/src/Matrix3f.cpp -c -o obj/vecmath/src/Matrix3f.o -Ivecmath/include
echo "COMPILING SOURCE vecmath/src/Matrix4f.cpp INTO OBJECT obj/vecmath/src/Matrix4f.o"
mkdir -p 'obj/vecmath/src'
g++ -O2 -Wall -Wextra -std=c++20 vecmath/src/Matrix4f.cpp -c -o obj/vecmath/src/Matrix4f.o -Ivecmath/include
echo "COMPILING SOURCE vecmath/src/Quat4f.cpp INTO OBJECT obj/vecmath/src/Quat4f.o"
mkdir -p 'obj/vecmath/src'
g++ -O2 -Wall -Wextra -std=c++20 vecmath/src/Quat4f.cpp -c -o obj/vecmath/src/Quat4f.o -Ivecmath/include
echo "COMPILING SOURCE vecmath/src/Vector2f.cpp INTO OBJECT obj/vecmath/src/Vector2f.o"
mkdir -p 'obj/vecmath/src'
g++ -O2 -Wall -Wextra -std=c++20 vecmath/src/Vector2f.cpp -c -o obj/vecmath/src/Vector2f.o -Ivecmath/include
echo "COMPILING SOURCE vecmath/src/Vector3f.cpp INTO OBJECT obj/vecmath/src/Vector3f.o"
mkdir -p 'obj/vecmath/src'
g++ -O2 -Wall -Wextra -std=c++20 vecmath/src/Vector3f.cpp -c -o obj/vecmath/src/Vector3f.o -Ivecmath/include
echo "COMPILING SOURCE vecmath/src/Vector4f.cpp INTO OBJECT obj/vecmath/src/Vector4f.o"
mkdir -p 'obj/vecmath/src'
g++ -O2 -Wall -Wextra -std=c++20 vecmath/src/Vector4f.cpp -c -o obj/vecmath/src/Vector4f.o -Ivecmath/include
g++ -O2 -Wall -Wextra -std=c++20 obj/src/main.o obj/src/data/Camera.o obj/src/data/CubeMap.o obj/src/data/Light.o obj/src/data/Material.o obj/src/data/Noise.o obj/src/data/Octree.o obj/src/data/PerlinNoise.o obj/src/data/Scene.o obj/src/data/Texture.o obj/src/object3d/Group.o obj/src/object3d/Mesh.o obj/src/object3d/Plane.o obj/src/object3d/Sphere.o obj/src/object3d/Transform.o obj/src/object3d/Triangle.o obj/src/render/Arguments.o obj/src/render/Image.o obj/src/render/RayCaster.o obj/src/render/RayTracer.o obj/src/render/Renderer.o obj/src/render/Smoothing.o obj/vecmath/src/Matrix2f.o obj/vecmath/src/Matrix3f.o obj/vecmath/src/Matrix4f.o obj/vecmath/src/Quat4f.o obj/vecmath/src/Vector2f.o obj/vecmath/src/Vector3f.o obj/vecmath/src/Vector4f.o -o a5 
make: Leaving directory '/home/yaindrop/hkust/csit6000l/project'
 
